<?xml version="1.0" encoding="UTF-8"?>
<testng-results ignored="0" total="1" passed="1" failed="0" skipped="0">
  <reporter-output>
  </reporter-output>
  <suite started-at="2023-02-24T13:32:51 IST" name="Default suite" finished-at="2023-02-24T13:33:48 IST" duration-ms="57459">
    <groups>
    </groups>
    <test started-at="2023-02-24T13:32:51 IST" name="Default test" finished-at="2023-02-24T13:33:48 IST" duration-ms="57459">
      <class name="Amazon.RunnerClass">
        <test-method is-config="true" signature="OpenApp()[pri:0, instance:Amazon.RunnerClass@51dcb805]" started-at="2023-02-24T13:32:51 IST" name="OpenApp" finished-at="2023-02-24T13:33:14 IST" duration-ms="23149" status="PASS">
          <reporter-output>
          </reporter-output>
        </test-method> <!-- OpenApp -->
        <test-method signature="TS_01()[pri:0, instance:Amazon.RunnerClass@51dcb805]" started-at="2023-02-24T13:33:14 IST" name="TS_01" finished-at="2023-02-24T13:33:44 IST" duration-ms="29836" status="PASS">
          <reporter-output>
          </reporter-output>
        </test-method> <!-- TS_01 -->
        <test-method is-config="true" signature="CloseApp()[pri:0, instance:Amazon.RunnerClass@51dcb805]" started-at="2023-02-24T13:33:44 IST" name="CloseApp" finished-at="2023-02-24T13:33:48 IST" duration-ms="4336" status="PASS">
          <reporter-output>
          </reporter-output>
        </test-method> <!-- CloseApp -->
      </class> <!-- Amazon.RunnerClass -->
    </test> <!-- Default test -->
  </suite> <!-- Default suite -->
</testng-results>
